# JRE version: Java(TM) SE Runtime Environment (20.0.2+9) (build 20.0.2+9-78)
# Java VM: Java HotSpot(TM) 64-Bit Server VM (20.0.2+9-78, mixed mode, sharing, tiered, compressed oops, compressed class ptrs, g1 gc, windows-amd64)
GC Precious Log:
 CardTable entry size: 512
 Card Set container configuration: InlinePtr #cards 5 size 8 Array Of Cards #cards 12 size 40 Howl #buckets 4 coarsen threshold 1843 Howl Bitmap #cards 512 size 80 coarsen threshold 460 Card regions per heap region 1 cards per card region 2048
 CPUs: 20 total, 20 available
 Memory: 16049M
 Large Page Support: Disabled
 NUMA Support: Disabled
 Compressed Oops: Enabled (32-bit)
 Heap Region Size: 1M
 Heap Min Capacity: 8M
 Heap Initial Capacity: 252M
 Heap Max Capacity: 1G
 Pre-touch: Disabled
 Parallel Workers: 15
 Concurrent Workers: 4
 Concurrent Refinement Workers: 15
 Periodic GC: Disabled
Heap:
 garbage-first heap   total 139264K, used 14529K [0x00000000c0000000, 0x0000000100000000)
  region size 1024K, 11 young (11264K), 1 survivors (1024K)
 Metaspace       used 2901K, committed 3072K, reserved 1114112K
  class space    used 256K, committed 384K, reserved 1048576K
GC Heap History (12 events):
Event: 0.098 GC heap before
{Heap before GC invocations=0 (full 0):
 garbage-first heap   total 258048K, used 5120K [0x00000000c0000000, 0x0000000100000000)
  region size 1024K, 6 young (6144K), 0 survivors (0K)
 Metaspace       used 1208K, committed 1344K, reserved 1114112K
  class space    used 101K, committed 192K, reserved 1048576K
}
Event: 0.100 GC heap after
{Heap after GC invocations=1 (full 1):
 garbage-first heap   total 20480K, used 1544K [0x00000000c0000000, 0x0000000100000000)
  region size 1024K, 0 young (0K), 0 survivors (0K)
 Metaspace       used 1208K, committed 1344K, reserved 1114112K
  class space    used 101K, committed 192K, reserved 1048576K
}
Event: 0.200 GC heap before
{Heap before GC invocations=1 (full 1):
 garbage-first heap   total 20480K, used 7688K [0x00000000c0000000, 0x0000000100000000)
  region size 1024K, 6 young (6144K), 0 survivors (0K)
 Metaspace       used 2065K, committed 2240K, reserved 1114112K
  class space    used 168K, committed 256K, reserved 1048576K
}
Event: 0.200 GC heap after
{Heap after GC invocations=2 (full 1):
 garbage-first heap   total 20480K, used 2504K [0x00000000c0000000, 0x0000000100000000)
  region size 1024K, 1 young (1024K), 1 survivors (1024K)
 Metaspace       used 2065K, committed 2240K, reserved 1114112K
  class space    used 168K, committed 256K, reserved 1048576K
}
Event: 0.216 GC heap before
{Heap before GC invocations=2 (full 1):
 garbage-first heap   total 20480K, used 9672K [0x00000000c0000000, 0x0000000100000000)
  region size 1024K, 8 young (8192K), 1 survivors (1024K)
 Metaspace       used 2096K, committed 2240K, reserved 1114112K
  class space    used 168K, committed 256K, reserved 1048576K
}
Event: 0.217 GC heap after
{Heap after GC invocations=3 (full 1):
 garbage-first heap   total 20480K, used 3047K [0x00000000c0000000, 0x0000000100000000)
  region size 1024K, 1 young (1024K), 1 survivors (1024K)
 Metaspace       used 2096K, committed 2240K, reserved 1114112K
  class space    used 168K, committed 256K, reserved 1048576K
}
Event: 0.230 GC heap before
{Heap before GC invocations=3 (full 1):
 garbage-first heap   total 20480K, used 10215K [0x00000000c0000000, 0x0000000100000000)
  region size 1024K, 8 young (8192K), 1 survivors (1024K)
 Metaspace       used 2110K, committed 2240K, reserved 1114112K
  class space    used 168K, committed 256K, reserved 1048576K
}
Event: 0.232 GC heap after
{Heap after GC invocations=4 (full 1):
 garbage-first heap   total 20480K, used 3914K [0x00000000c0000000, 0x0000000100000000)
  region size 1024K, 1 young (1024K), 1 survivors (1024K)
 Metaspace       used 2110K, committed 2240K, reserved 1114112K
  class space    used 168K, committed 256K, reserved 1048576K
}
Event: 0.241 GC heap before
{Heap before GC invocations=4 (full 1):
 garbage-first heap   total 20480K, used 11082K [0x00000000c0000000, 0x0000000100000000)
  region size 1024K, 8 young (8192K), 1 survivors (1024K)
 Metaspace       used 2118K, committed 2240K, reserved 1114112K
  class space    used 168K, committed 256K, reserved 1048576K
}
Event: 0.242 GC heap after
{Heap after GC invocations=5 (full 1):
 garbage-first heap   total 20480K, used 4636K [0x00000000c0000000, 0x0000000100000000)
  region size 1024K, 1 young (1024K), 1 survivors (1024K)
 Metaspace       used 2118K, committed 2240K, reserved 1114112K
  class space    used 168K, committed 256K, reserved 1048576K
}
Event: 0.252 GC heap before
{Heap before GC invocations=5 (full 1):
 garbage-first heap   total 20480K, used 11804K [0x00000000c0000000, 0x0000000100000000)
  region size 1024K, 8 young (8192K), 1 survivors (1024K)
 Metaspace       used 2143K, committed 2304K, reserved 1114112K
  class space    used 168K, committed 256K, reserved 1048576K
}
Event: 0.254 GC heap after
{Heap after GC invocations=6 (full 1):
 garbage-first heap   total 139264K, used 5313K [0x00000000c0000000, 0x0000000100000000)
  region size 1024K, 1 young (1024K), 1 survivors (1024K)
 Metaspace       used 2143K, committed 2304K, reserved 1114112K
  class space    used 168K, committed 256K, reserved 1048576K
}

